# Logfile created on 2014-04-14 00:35:32 +0200 by logger.rb/41954
I, [2014-04-14T00:35:32.583794 #1661]  INFO -- : 0:  rake (10.2.2) from /Users/ignacykasperowicz/.rvm/gems/ruby-2.0.0-p353/specifications/rake-10.2.2.gemspec
I, [2014-04-14T00:35:32.584690 #1661]  INFO -- : 0:  i18n (0.6.9) from /Users/ignacykasperowicz/.rvm/gems/ruby-2.0.0-p353/specifications/i18n-0.6.9.gemspec
I, [2014-04-14T00:35:32.585287 #1661]  INFO -- : 0:  json (1.7.7) from /Users/ignacykasperowicz/.rvm/rubies/ruby-2.0.0-p353/lib/ruby/gems/2.0.0/specifications/default/json-1.7.7.gemspec
I, [2014-04-14T00:35:34.534120 #1661]  INFO -- : 0:  minitest (5.3.2) from /Users/ignacykasperowicz/.rvm/gems/ruby-2.0.0-p353/specifications/minitest-5.3.2.gemspec
I, [2014-04-14T00:35:36.576099 #1661]  INFO -- : 0:  thread_safe (0.3.3) from /Users/ignacykasperowicz/.rvm/gems/ruby-2.0.0-p353/specifications/thread_safe-0.3.3.gemspec
I, [2014-04-14T00:35:38.643209 #1661]  INFO -- : 0:  tzinfo (1.1.0) from /Users/ignacykasperowicz/.rvm/gems/ruby-2.0.0-p353/specifications/tzinfo-1.1.0.gemspec
I, [2014-04-14T00:35:41.243031 #1661]  INFO -- : 0:  activesupport (4.1.0) from /Users/ignacykasperowicz/.rvm/gems/ruby-2.0.0-p353/specifications/activesupport-4.1.0.gemspec
I, [2014-04-14T00:35:42.868669 #1661]  INFO -- : 0:  bacon (1.2.0) from /Users/ignacykasperowicz/.rvm/gems/ruby-2.0.0-p353/specifications/bacon-1.2.0.gemspec
I, [2014-04-14T00:35:42.869208 #1661]  INFO -- : 0:  builder (3.2.2) from /Users/ignacykasperowicz/.rvm/gems/ruby-2.0.0-p353/specifications/builder-3.2.2.gemspec
I, [2014-04-14T00:35:42.869595 #1661]  INFO -- : 0:  closure-compiler (1.1.10) from /Users/ignacykasperowicz/.rvm/gems/ruby-2.0.0-p353/specifications/closure-compiler-1.1.10.gemspec
I, [2014-04-14T00:35:42.869971 #1661]  INFO -- : 0:  coffee-script-source (1.7.0) from /Users/ignacykasperowicz/.rvm/gems/ruby-2.0.0-p353/specifications/coffee-script-source-1.7.0.gemspec
I, [2014-04-14T00:35:42.870340 #1661]  INFO -- : 0:  execjs (2.0.2) from /Users/ignacykasperowicz/.rvm/gems/ruby-2.0.0-p353/specifications/execjs-2.0.2.gemspec
I, [2014-04-14T00:35:42.870708 #1661]  INFO -- : 0:  coffee-script (2.2.0) from /Users/ignacykasperowicz/.rvm/gems/ruby-2.0.0-p353/specifications/coffee-script-2.2.0.gemspec
I, [2014-04-14T00:35:42.871070 #1661]  INFO -- : 0:  columnize (0.3.6) from /Users/ignacykasperowicz/.rvm/gems/ruby-2.0.0-p353/specifications/columnize-0.3.6.gemspec
I, [2014-04-14T00:35:42.871426 #1661]  INFO -- : 0:  daemons (1.1.9) from /Users/ignacykasperowicz/.rvm/gems/ruby-2.0.0-p353/specifications/daemons-1.1.9.gemspec
I, [2014-04-14T00:35:44.660524 #1661]  INFO -- : 0:  dalli (2.7.0) from /Users/ignacykasperowicz/.rvm/gems/ruby-2.0.0-p353/specifications/dalli-2.7.0.gemspec
I, [2014-04-14T00:35:44.661016 #1661]  INFO -- : 0:  debugger-linecache (1.2.0) from /Users/ignacykasperowicz/.rvm/gems/ruby-2.0.0-p353/specifications/debugger-linecache-1.2.0.gemspec
I, [2014-04-14T00:35:44.661349 #1661]  INFO -- : 0:  debugger-ruby_core_source (1.3.2) from /Users/ignacykasperowicz/.rvm/gems/ruby-2.0.0-p353/specifications/debugger-ruby_core_source-1.3.2.gemspec
I, [2014-04-14T00:35:44.661671 #1661]  INFO -- : 0:  debugger (1.6.6) from /Users/ignacykasperowicz/.rvm/gems/ruby-2.0.0-p353/specifications/debugger-1.6.6.gemspec
I, [2014-04-14T00:35:44.661983 #1661]  INFO -- : 0:  dotenv (0.10.0) from /Users/ignacykasperowicz/.rvm/gems/ruby-2.0.0-p353/specifications/dotenv-0.10.0.gemspec
I, [2014-04-14T00:35:44.662292 #1661]  INFO -- : 0:  eco-source (1.1.0.rc.1) from /Users/ignacykasperowicz/.rvm/gems/ruby-2.0.0-p353/specifications/eco-source-1.1.0.rc.1.gemspec
I, [2014-04-14T00:35:44.662592 #1661]  INFO -- : 0:  eco (1.0.0) from /Users/ignacykasperowicz/.rvm/gems/ruby-2.0.0-p353/specifications/eco-1.0.0.gemspec
I, [2014-04-14T00:35:44.662892 #1661]  INFO -- : 0:  erubis (2.7.0) from /Users/ignacykasperowicz/.rvm/gems/ruby-2.0.0-p353/specifications/erubis-2.7.0.gemspec
I, [2014-04-14T00:35:44.663190 #1661]  INFO -- : 0:  eventmachine (1.0.3) from /Users/ignacykasperowicz/.rvm/gems/ruby-2.0.0-p353/specifications/eventmachine-1.0.3.gemspec
I, [2014-04-14T00:35:44.663513 #1661]  INFO -- : 0:  hike (1.2.3) from /Users/ignacykasperowicz/.rvm/gems/ruby-2.0.0-p353/specifications/hike-1.2.3.gemspec
I, [2014-04-14T00:35:52.161907 #1661]  INFO -- : 0:  kgio (2.9.2) from /Users/ignacykasperowicz/.rvm/gems/ruby-2.0.0-p353/specifications/kgio-2.9.2.gemspec
I, [2014-04-14T00:35:52.162789 #1661]  INFO -- : 0:  memcachier (0.0.2) from /Users/ignacykasperowicz/.rvm/gems/ruby-2.0.0-p353/specifications/memcachier-0.0.2.gemspec
I, [2014-04-14T00:35:53.831913 #1661]  INFO -- : 0:  multi_json (1.9.2) from /Users/ignacykasperowicz/.rvm/gems/ruby-2.0.0-p353/specifications/multi_json-1.9.2.gemspec
I, [2014-04-14T00:35:53.832458 #1661]  INFO -- : 0:  pg (0.17.1) from /Users/ignacykasperowicz/.rvm/gems/ruby-2.0.0-p353/specifications/pg-0.17.1.gemspec
I, [2014-04-14T00:35:53.832875 #1661]  INFO -- : 0:  rack (1.5.2) from /Users/ignacykasperowicz/.rvm/gems/ruby-2.0.0-p353/specifications/rack-1.5.2.gemspec
I, [2014-04-14T00:35:55.539384 #1661]  INFO -- : 0:  rack-protection (1.5.3) from /Users/ignacykasperowicz/.rvm/gems/ruby-2.0.0-p353/specifications/rack-protection-1.5.3.gemspec
I, [2014-04-14T00:35:56.991002 #1661]  INFO -- : 0:  rack-standards (0.0.1) from /Users/ignacykasperowicz/.rvm/gems/ruby-2.0.0-p353/specifications/rack-standards-0.0.1.gemspec
I, [2014-04-14T00:35:56.991391 #1661]  INFO -- : 0:  rack-test (0.6.2) from /Users/ignacykasperowicz/.rvm/gems/ruby-2.0.0-p353/specifications/rack-test-0.6.2.gemspec
I, [2014-04-14T00:36:00.236660 #1661]  INFO -- : 0:  raindrops (0.13.0) from /Users/ignacykasperowicz/.rvm/gems/ruby-2.0.0-p353/specifications/raindrops-0.13.0.gemspec
I, [2014-04-14T00:36:07.570717 #1661]  INFO -- : 0:  sequel (4.9.0) from /Users/ignacykasperowicz/.rvm/gems/ruby-2.0.0-p353/specifications/sequel-4.9.0.gemspec
I, [2014-04-14T00:36:07.571329 #1661]  INFO -- : 0:  tilt (1.4.1) from /Users/ignacykasperowicz/.rvm/gems/ruby-2.0.0-p353/specifications/tilt-1.4.1.gemspec
I, [2014-04-14T00:36:10.155219 #1661]  INFO -- : 0:  sinatra (1.4.5) from /Users/ignacykasperowicz/.rvm/gems/ruby-2.0.0-p353/specifications/sinatra-1.4.5.gemspec
I, [2014-04-14T00:36:10.319018 #1661]  INFO -- : 0:  sinatra-contrib (1.4.1) from /Users/ignacykasperowicz/.rvm/gems/ruby-2.0.0-p353/bundler/gems/sinatra-contrib-3dde2819a317/sinatra-contrib.gemspec
I, [2014-04-14T00:36:11.769391 #1661]  INFO -- : 0:  sinatra-sequel (0.9.0) from /Users/ignacykasperowicz/.rvm/gems/ruby-2.0.0-p353/specifications/sinatra-sequel-0.9.0.gemspec
I, [2014-04-14T00:36:13.563053 #1661]  INFO -- : 0:  sprockets (2.12.0) from /Users/ignacykasperowicz/.rvm/gems/ruby-2.0.0-p353/specifications/sprockets-2.12.0.gemspec
I, [2014-04-14T00:36:15.081664 #1661]  INFO -- : 0:  sprockets-memcache-store (0.0.1) from /Users/ignacykasperowicz/.rvm/gems/ruby-2.0.0-p353/specifications/sprockets-memcache-store-0.0.1.gemspec
I, [2014-04-14T00:36:15.082154 #1661]  INFO -- : 0:  stylus-source (0.31.0) from /Users/ignacykasperowicz/.rvm/gems/ruby-2.0.0-p353/specifications/stylus-source-0.31.0.gemspec
I, [2014-04-14T00:36:16.680701 #1661]  INFO -- : 0:  stylus (1.0.1) from /Users/ignacykasperowicz/.rvm/gems/ruby-2.0.0-p353/specifications/stylus-1.0.1.gemspec
I, [2014-04-14T00:36:19.169329 #1661]  INFO -- : 0:  thin (1.6.2) from /Users/ignacykasperowicz/.rvm/gems/ruby-2.0.0-p353/specifications/thin-1.6.2.gemspec
I, [2014-04-14T00:36:19.170188 #1661]  INFO -- : 0:  uglifier (2.2.1) from /Users/ignacykasperowicz/.rvm/gems/ruby-2.0.0-p353/specifications/uglifier-2.2.1.gemspec
I, [2014-04-14T00:36:23.368158 #1661]  INFO -- : 0:  unicorn (4.8.2) from /Users/ignacykasperowicz/.rvm/gems/ruby-2.0.0-p353/specifications/unicorn-4.8.2.gemspec
I, [2014-04-14T00:36:23.369086 #1661]  INFO -- : 0:  yui-compressor (0.12.0) from /Users/ignacykasperowicz/.rvm/gems/ruby-2.0.0-p353/specifications/yui-compressor-0.12.0.gemspec
I, [2014-04-14T00:36:23.369672 #1661]  INFO -- : 0:  bundler (1.5.1) from /Users/ignacykasperowicz/.rvm/gems/ruby-2.0.0-p353@global/specifications/bundler-1.5.1.gemspec
